#
# There is insufficient memory for the Java Runtime Environment to continue.
# Native memory allocation (malloc) failed to allocate 962656 bytes for Chunk::new
# Possible reasons:
#   The system is out of physical RAM or swap space
#   The process is running with CompressedOops enabled, and the Java Heap may be blocking the growth of the native heap
# Possible solutions:
#   Reduce memory load on the system
#   Increase physical memory or swap space
#   Check if swap backing store is full
#   Decrease Java heap size (-Xmx/-Xms)
#   Decrease number of Java threads
#   Decrease Java thread stack sizes (-Xss)
#   Set larger code cache with -XX:ReservedCodeCacheSize=
#   JVM is running with Unscaled Compressed Oops mode in which the Java heap is
#     placed in the first 4GB address space. The Java Heap base address is the
#     maximum limit for the native heap growth. Please use -XX:HeapBaseMinAddress
#     to set the Java Heap base and to place the Java Heap above 4GB virtual address.
# This output file may be truncated or incomplete.
#
#  Out of Memory Error (allocation.cpp:389), pid=14448, tid=0x0000000000002ad4
#
# JRE version: Java(TM) SE Runtime Environment (8.0_211-b12) (build 1.8.0_211-b12)
# Java VM: Java HotSpot(TM) 64-Bit Server VM (25.211-b12 mixed mode windows-amd64 compressed oops)
# Failed to write core dump. Minidumps are not enabled by default on client versions of Windows
#

---------------  T H R E A D  ---------------

Current thread (0x0000000017b9c000):  JavaThread "C2 CompilerThread1" daemon [_thread_in_native, id=10964, stack(0x0000000019300000,0x0000000019400000)]

Stack: [0x0000000019300000,0x0000000019400000]
[error occurred during error reporting (printing stack bounds), id 0xc0000005]

Native frames: (J=compiled Java code, j=interpreted, Vv=VM code, C=native code)


Current CompileTask:
C2:   7415 4021   !   4       org.springframework.core.annotation.AnnotatedElementUtils::searchWithFindSemantics (774 bytes)


---------------  P R O C E S S  ---------------

Java Threads: ( => current thread )
  0x000000001b013800 JavaThread "HikariPool-1 connection adder" daemon [_thread_blocked, id=13704, stack(0x0000000020b40000,0x0000000020c40000)]
  0x000000001b012800 JavaThread "HikariPool-1 housekeeper" daemon [_thread_blocked, id=2480, stack(0x0000000020a40000,0x0000000020b40000)]
  0x000000001b012000 JavaThread "mysql-cj-abandoned-connection-cleanup" daemon [_thread_blocked, id=2416, stack(0x0000000020640000,0x0000000020740000)]
  0x000000001b011000 JavaThread "container-0" [_thread_blocked, id=9312, stack(0x0000000020540000,0x0000000020640000)]
  0x000000001b010800 JavaThread "Catalina-utility-2" [_thread_blocked, id=16064, stack(0x0000000020440000,0x0000000020540000)]
  0x000000001b014800 JavaThread "Catalina-utility-1" [_thread_blocked, id=8156, stack(0x000000001e920000,0x000000001ea20000)]
  0x000000001a2e5800 JavaThread "restartedMain" [_thread_in_native, id=5208, stack(0x000000001b540000,0x000000001b640000)]
  0x000000001a2e4800 JavaThread "Thread-0" [_thread_blocked, id=2292, stack(0x000000001b440000,0x000000001b540000)]
  0x000000001952b000 JavaThread "Service Thread" daemon [_thread_blocked, id=1032, stack(0x0000000019900000,0x0000000019a00000)]
  0x0000000017ba5800 JavaThread "C1 CompilerThread2" daemon [_thread_blocked, id=6896, stack(0x0000000019400000,0x0000000019500000)]
=>0x0000000017b9c000 JavaThread "C2 CompilerThread1" daemon [_thread_in_native, id=10964, stack(0x0000000019300000,0x0000000019400000)]
  0x0000000017b98800 JavaThread "C2 CompilerThread0" daemon [_thread_in_native, id=6220, stack(0x0000000019200000,0x0000000019300000)]
  0x0000000017b97000 JavaThread "Attach Listener" daemon [_thread_blocked, id=16568, stack(0x0000000019100000,0x0000000019200000)]
  0x0000000017b95800 JavaThread "Signal Dispatcher" daemon [_thread_blocked, id=7008, stack(0x0000000019000000,0x0000000019100000)]
  0x0000000017b7c800 JavaThread "Finalizer" daemon [_thread_blocked, id=12228, stack(0x0000000018de0000,0x0000000018ee0000)]
  0x0000000017b59000 JavaThread "Reference Handler" daemon [_thread_blocked, id=6288, stack(0x0000000018ce0000,0x0000000018de0000)]
  0x0000000002f15800 JavaThread "main" [_thread_blocked, id=688, stack(0x0000000002d10000,0x0000000002e10000)]

Other Threads:
  0x0000000017b57800 VMThread [stack: 0x0000000018be0000,0x0000000018ce0000] [id=13940]
  0x0000000019555800 WatcherThread [stack: 0x0000000019a00000,0x0000000019b00000] [id=2852]

VM state:not at safepoint (normal execution)

VM Mutex/Monitor currently owned by a thread: None

heap address: 0x0000000081200000, size: 2030 MB, Compressed Oops mode: 32-bit
Narrow klass base: 0x0000000000000000, Narrow klass shift: 3
Compressed class space size: 1073741824 Address: 0x0000000100000000

Heap:
 PSYoungGen      total 165376K, used 109870K [0x00000000d5b80000, 0x00000000e3400000, 0x0000000100000000)
  eden space 152576K, 72% used [0x00000000d5b80000,0x00000000dc6cb890,0x00000000df080000)
  from space 12800K, 0% used [0x00000000e0080000,0x00000000e0080000,0x00000000e0d00000)
  to   space 16384K, 0% used [0x00000000df080000,0x00000000df080000,0x00000000e0080000)
 ParOldGen       total 98304K, used 20821K [0x0000000081200000, 0x0000000087200000, 0x00000000d5b80000)
  object space 98304K, 21% used [0x0000000081200000,0x0000000082655690,0x0000000087200000)
 Metaspace       used 40295K, capacity 42074K, committed 42368K, reserved 1085440K
  class space    used 5283K, capacity 5641K, committed 5760K, reserved 1048576K

Card table byte_map: [0x00000000123d0000,0x00000000127d0000] byte_map_base: 0x0000000011fc7000

Marking Bits: (ParMarkBitMap*) 0x0000000069c75ce0
 Begin Bits: [0x0000000012e80000, 0x0000000014e38000)
 End Bits:   [0x0000000014e38000, 0x0000000016df0000)

Polling page: 0x0000000000f10000

CodeCache: size=245760Kb used=15556Kb max_used=15556Kb free=230203Kb
 bounds [0x0000000003010000, 0x0000000003f50000, 0x0000000012010000]
 total_blobs=4492 nmethods=4048 adapters=357
 compilation: enabled

Compilation events (10 events):
Event: 7.219 Thread 0x0000000017ba5800 4097   !   3       com.mysql.cj.protocol.a.NativeProtocol::readMessage (85 bytes)
Event: 7.220 Thread 0x0000000017ba5800 nmethod 4097 0x0000000003f46990 code [0x0000000003f46bc0, 0x0000000003f47958]
Event: 7.222 Thread 0x0000000017ba5800 4098       3       com.mysql.cj.protocol.a.NativePacketPayload::<init> (26 bytes)
Event: 7.222 Thread 0x0000000017ba5800 nmethod 4098 0x0000000003f48250 code [0x0000000003f483c0, 0x0000000003f485b0]
Event: 7.223 Thread 0x0000000017ba5800 4099       1       sun.nio.cs.ISO_8859_1::historicalName (3 bytes)
Event: 7.223 Thread 0x0000000017ba5800 nmethod 4099 0x0000000003f48690 code [0x0000000003f487e0, 0x0000000003f488f0]
Event: 7.224 Thread 0x0000000017ba5800 4100       3       java.net.DualStackPlainSocketImpl::checkAndReturnNativeFD (40 bytes)
Event: 7.224 Thread 0x0000000017ba5800 nmethod 4100 0x0000000003f48950 code [0x0000000003f48ae0, 0x0000000003f48fc8]
Event: 7.224 Thread 0x0000000017ba5800 4101       3       java.io.FileDescriptor::valid (25 bytes)
Event: 7.224 Thread 0x0000000017ba5800 nmethod 4101 0x0000000003f49190 code [0x0000000003f492e0, 0x0000000003f494d0]

GC Heap History (10 events):
Event: 1.945 GC heap before
{Heap before GC invocations=6 (full 1):
 PSYoungGen      total 71680K, used 5104K [0x00000000d5b80000, 0x00000000df080000, 0x0000000100000000)
  eden space 66560K, 0% used [0x00000000d5b80000,0x00000000d5b80000,0x00000000d9c80000)
  from space 5120K, 99% used [0x00000000d9c80000,0x00000000da17c010,0x00000000da180000)
  to   space 9728K, 0% used [0x00000000de700000,0x00000000de700000,0x00000000df080000)
 ParOldGen       total 87552K, used 5665K [0x0000000081200000, 0x0000000086780000, 0x00000000d5b80000)
  object space 87552K, 6% used [0x0000000081200000,0x00000000817885f8,0x0000000086780000)
 Metaspace       used 20629K, capacity 21176K, committed 21296K, reserved 1067008K
  class space    used 2701K, capacity 2856K, committed 2944K, reserved 1048576K
Event: 1.983 GC heap after
Heap after GC invocations=6 (full 1):
 PSYoungGen      total 71680K, used 0K [0x00000000d5b80000, 0x00000000df080000, 0x0000000100000000)
  eden space 66560K, 0% used [0x00000000d5b80000,0x00000000d5b80000,0x00000000d9c80000)
  from space 5120K, 0% used [0x00000000d9c80000,0x00000000d9c80000,0x00000000da180000)
  to   space 9728K, 0% used [0x00000000de700000,0x00000000de700000,0x00000000df080000)
 ParOldGen       total 59904K, used 9146K [0x0000000081200000, 0x0000000084c80000, 0x00000000d5b80000)
  object space 59904K, 15% used [0x0000000081200000,0x0000000081aee898,0x0000000084c80000)
 Metaspace       used 20629K, capacity 21176K, committed 21296K, reserved 1067008K
  class space    used 2701K, capacity 2856K, committed 2944K, reserved 1048576K
}
Event: 2.658 GC heap before
{Heap before GC invocations=7 (full 1):
 PSYoungGen      total 71680K, used 66552K [0x00000000d5b80000, 0x00000000df080000, 0x0000000100000000)
  eden space 66560K, 99% used [0x00000000d5b80000,0x00000000d9c7e070,0x00000000d9c80000)
  from space 5120K, 0% used [0x00000000d9c80000,0x00000000d9c80000,0x00000000da180000)
  to   space 9728K, 0% used [0x00000000de700000,0x00000000de700000,0x00000000df080000)
 ParOldGen       total 59904K, used 9146K [0x0000000081200000, 0x0000000084c80000, 0x00000000d5b80000)
  object space 59904K, 15% used [0x0000000081200000,0x0000000081aee898,0x0000000084c80000)
 Metaspace       used 23449K, capacity 24168K, committed 24320K, reserved 1071104K
  class space    used 3048K, capacity 3224K, committed 3328K, reserved 1048576K
Event: 2.665 GC heap after
Heap after GC invocations=7 (full 1):
 PSYoungGen      total 106496K, used 3296K [0x00000000d5b80000, 0x00000000dea80000, 0x0000000100000000)
  eden space 102912K, 0% used [0x00000000d5b80000,0x00000000d5b80000,0x00000000dc000000)
  from space 3584K, 91% used [0x00000000de700000,0x00000000dea382b8,0x00000000dea80000)
  to   space 9728K, 0% used [0x00000000dd780000,0x00000000dd780000,0x00000000de100000)
 ParOldGen       total 59904K, used 9218K [0x0000000081200000, 0x0000000084c80000, 0x00000000d5b80000)
  object space 59904K, 15% used [0x0000000081200000,0x0000000081b008a8,0x0000000084c80000)
 Metaspace       used 23449K, capacity 24168K, committed 24320K, reserved 1071104K
  class space    used 3048K, capacity 3224K, committed 3328K, reserved 1048576K
}
Event: 4.019 GC heap before
{Heap before GC invocations=8 (full 1):
 PSYoungGen      total 106496K, used 106208K [0x00000000d5b80000, 0x00000000dea80000, 0x0000000100000000)
  eden space 102912K, 100% used [0x00000000d5b80000,0x00000000dc000000,0x00000000dc000000)
  from space 3584K, 91% used [0x00000000de700000,0x00000000dea382b8,0x00000000dea80000)
  to   space 9728K, 0% used [0x00000000dd780000,0x00000000dd780000,0x00000000de100000)
 ParOldGen       total 59904K, used 9218K [0x0000000081200000, 0x0000000084c80000, 0x00000000d5b80000)
  object space 59904K, 15% used [0x0000000081200000,0x0000000081b008a8,0x0000000084c80000)
 Metaspace       used 27928K, capacity 29048K, committed 29312K, reserved 1075200K
  class space    used 3677K, capacity 3948K, committed 3968K, reserved 1048576K
Event: 4.039 GC heap after
Heap after GC invocations=8 (full 1):
 PSYoungGen      total 136704K, used 9699K [0x00000000d5b80000, 0x00000000e0d00000, 0x0000000100000000)
  eden space 126976K, 0% used [0x00000000d5b80000,0x00000000d5b80000,0x00000000dd780000)
  from space 9728K, 99% used [0x00000000dd780000,0x00000000de0f8d28,0x00000000de100000)
  to   space 12800K, 0% used [0x00000000e0080000,0x00000000e0080000,0x00000000e0d00000)
 ParOldGen       total 59904K, used 11670K [0x0000000081200000, 0x0000000084c80000, 0x00000000d5b80000)
  object space 59904K, 19% used [0x0000000081200000,0x0000000081d65a20,0x0000000084c80000)
 Metaspace       used 27928K, capacity 29048K, committed 29312K, reserved 1075200K
  class space    used 3677K, capacity 3948K, committed 3968K, reserved 1048576K
}
Event: 6.135 GC heap before
{Heap before GC invocations=9 (full 1):
 PSYoungGen      total 136704K, used 127319K [0x00000000d5b80000, 0x00000000e0d00000, 0x0000000100000000)
  eden space 126976K, 92% used [0x00000000d5b80000,0x00000000dce5d1d8,0x00000000dd780000)
  from space 9728K, 99% used [0x00000000dd780000,0x00000000de0f8d28,0x00000000de100000)
  to   space 12800K, 0% used [0x00000000e0080000,0x00000000e0080000,0x00000000e0d00000)
 ParOldGen       total 59904K, used 11670K [0x0000000081200000, 0x0000000084c80000, 0x00000000d5b80000)
  object space 59904K, 19% used [0x0000000081200000,0x0000000081d65a20,0x0000000084c80000)
 Metaspace       used 33807K, capacity 35416K, committed 35496K, reserved 1079296K
  class space    used 4439K, capacity 4788K, committed 4864K, reserved 1048576K
Event: 6.158 GC heap after
Heap after GC invocations=9 (full 1):
 PSYoungGen      total 165376K, used 12771K [0x00000000d5b80000, 0x00000000e3400000, 0x0000000100000000)
  eden space 152576K, 0% used [0x00000000d5b80000,0x00000000d5b80000,0x00000000df080000)
  from space 12800K, 99% used [0x00000000e0080000,0x00000000e0cf8ea8,0x00000000e0d00000)
  to   space 16384K, 0% used [0x00000000df080000,0x00000000df080000,0x00000000e0080000)
 ParOldGen       total 59904K, used 15627K [0x0000000081200000, 0x0000000084c80000, 0x00000000d5b80000)
  object space 59904K, 26% used [0x0000000081200000,0x0000000082142f30,0x0000000084c80000)
 Metaspace       used 33807K, capacity 35416K, committed 35496K, reserved 1079296K
  class space    used 4439K, capacity 4788K, committed 4864K, reserved 1048576K
}
Event: 6.159 GC heap before
{Heap before GC invocations=10 (full 2):
 PSYoungGen      total 165376K, used 12771K [0x00000000d5b80000, 0x00000000e3400000, 0x0000000100000000)
  eden space 152576K, 0% used [0x00000000d5b80000,0x00000000d5b80000,0x00000000df080000)
  from space 12800K, 99% used [0x00000000e0080000,0x00000000e0cf8ea8,0x00000000e0d00000)
  to   space 16384K, 0% used [0x00000000df080000,0x00000000df080000,0x00000000e0080000)
 ParOldGen       total 59904K, used 15627K [0x0000000081200000, 0x0000000084c80000, 0x00000000d5b80000)
  object space 59904K, 26% used [0x0000000081200000,0x0000000082142f30,0x0000000084c80000)
 Metaspace       used 33807K, capacity 35416K, committed 35496K, reserved 1079296K
  class space    used 4439K, capacity 4788K, committed 4864K, reserved 1048576K
Event: 6.258 GC heap after
Heap after GC invocations=10 (full 2):
 PSYoungGen      total 165376K, used 0K [0x00000000d5b80000, 0x00000000e3400000, 0x0000000100000000)
  eden space 152576K, 0% used [0x00000000d5b80000,0x00000000d5b80000,0x00000000df080000)
  from space 12800K, 0% used [0x00000000e0080000,0x00000000e0080000,0x00000000e0d00000)
  to   space 16384K, 0% used [0x00000000df080000,0x00000000df080000,0x00000000e0080000)
 ParOldGen       total 98304K, used 20821K [0x0000000081200000, 0x0000000087200000, 0x00000000d5b80000)
  object space 98304K, 21% used [0x0000000081200000,0x0000000082655690,0x0000000087200000)
 Metaspace       used 33807K, capacity 35416K, committed 35496K, reserved 1079296K
  class space    used 4439K, capacity 4788K, committed 4864K, reserved 1048576K
}

Deoptimization events (10 events):
Event: 6.653 Thread 0x000000001a2e5800 Uncommon trap: reason=unstable_if action=reinterpret pc=0x0000000003cf7af0 method=org.springframework.boot.context.properties.source.ConfigurationPropertyName.equals(Ljava/lang/Object;)Z @ 8
Event: 6.654 Thread 0x000000001a2e5800 Uncommon trap: reason=unstable_if action=reinterpret pc=0x0000000003cb9158 method=org.springframework.boot.context.properties.source.ConfigurationPropertyName.equals(Ljava/lang/Object;)Z @ 8
Event: 6.664 Thread 0x000000001a2e5800 Uncommon trap: reason=unstable_if action=reinterpret pc=0x0000000003262874 method=java.lang.AbstractStringBuilder.append(Ljava/lang/String;)Ljava/lang/AbstractStringBuilder; @ 1
Event: 6.669 Thread 0x000000001b012000 Uncommon trap: reason=unstable_if action=reinterpret pc=0x000000000340e484 method=java.net.URL.<init>(Ljava/net/URL;Ljava/lang/String;Ljava/net/URLStreamHandler;)V @ 57
Event: 6.669 Thread 0x000000001b012000 Uncommon trap: reason=unstable_if action=reinterpret pc=0x0000000003dfbf58 method=java.net.URLStreamHandler.parseURL(Ljava/net/URL;Ljava/lang/String;II)V @ 57
Event: 6.692 Thread 0x000000001a2e5800 Uncommon trap: reason=unstable_if action=reinterpret pc=0x0000000003c9c59c method=java.util.concurrent.ConcurrentHashMap.get(Ljava/lang/Object;)Ljava/lang/Object; @ 152
Event: 6.786 Thread 0x000000001a2e5800 Uncommon trap: reason=unstable_if action=reinterpret pc=0x0000000003b21b70 method=org.springframework.asm.Frame.push(I)V @ 26
Event: 6.872 Thread 0x000000001a2e5800 Uncommon trap: reason=unstable_if action=reinterpret pc=0x000000000329edbc method=java.net.URI.match(CJJ)Z @ 45
Event: 6.877 Thread 0x000000001a2e5800 Uncommon trap: reason=unstable_if action=reinterpret pc=0x0000000003e00fd8 method=java.util.Properties.load0(Ljava/util/Properties$LineReader;)V @ 161
Event: 7.072 Thread 0x000000001a2e5800 Uncommon trap: reason=null_check action=make_not_entrant pc=0x0000000003ef06c8 method=org.springframework.core.annotation.AnnotatedElementUtils.searchWithFindSemantics(Ljava/lang/reflect/AnnotatedElement;Ljava/util/Set;Ljava/lang/String;Ljava/lang/Class;L

Classes redefined (0 events):
No events

Internal exceptions (10 events):
Event: 7.109 Thread 0x000000001a2e5800 Exception <a 'java/lang/ClassNotFoundException': org/springframework/beans/factory/BeanClassLoaderAwareCustomizer> (0x00000000db557710) thrown at [C:\re\workspace\8-2-build-windows-amd64-cygwin\jdk8u211\12973\hotspot\src\share\vm\classfile\systemDictionar
Event: 7.110 Thread 0x000000001a2e5800 Exception <a 'java/lang/ClassNotFoundException': org/springframework/beans/factory/AwareCustomizer> (0x00000000db56b058) thrown at [C:\re\workspace\8-2-build-windows-amd64-cygwin\jdk8u211\12973\hotspot\src\share\vm\classfile\systemDictionary.cpp, line 210
Event: 7.111 Thread 0x000000001a2e5800 Exception <a 'java/lang/ClassNotFoundException': org/springframework/beans/factory/BeanFactoryAwareCustomizer> (0x00000000db580500) thrown at [C:\re\workspace\8-2-build-windows-amd64-cygwin\jdk8u211\12973\hotspot\src\share\vm\classfile\systemDictionary.cp
Event: 7.111 Thread 0x000000001a2e5800 Exception <a 'java/lang/ClassNotFoundException': org/springframework/beans/factory/AwareCustomizer> (0x00000000db5943a8) thrown at [C:\re\workspace\8-2-build-windows-amd64-cygwin\jdk8u211\12973\hotspot\src\share\vm\classfile\systemDictionary.cpp, line 210
Event: 7.112 Thread 0x000000001a2e5800 Exception <a 'java/lang/ClassNotFoundException': org/springframework/beans/factory/BeanNameAwareCustomizer> (0x00000000db5a8a20) thrown at [C:\re\workspace\8-2-build-windows-amd64-cygwin\jdk8u211\12973\hotspot\src\share\vm\classfile\systemDictionary.cpp, 
Event: 7.113 Thread 0x000000001a2e5800 Exception <a 'java/lang/ClassNotFoundException': org/springframework/beans/factory/AwareCustomizer> (0x00000000db5bc288) thrown at [C:\re\workspace\8-2-build-windows-amd64-cygwin\jdk8u211\12973\hotspot\src\share\vm\classfile\systemDictionary.cpp, line 210
Event: 7.113 Thread 0x000000001a2e5800 Exception <a 'java/lang/ClassNotFoundException': org/springframework/beans/factory/InitializingBeanCustomizer> (0x00000000db5d1728) thrown at [C:\re\workspace\8-2-build-windows-amd64-cygwin\jdk8u211\12973\hotspot\src\share\vm\classfile\systemDictionary.cp
Event: 7.114 Thread 0x000000001a2e5800 Exception <a 'java/lang/ClassNotFoundException': org/springframework/beans/factory/DisposableBeanCustomizer> (0x00000000db5e6620) thrown at [C:\re\workspace\8-2-build-windows-amd64-cygwin\jdk8u211\12973\hotspot\src\share\vm\classfile\systemDictionary.cpp,
Event: 7.115 Thread 0x000000001a2e5800 Exception <a 'java/lang/ClassNotFoundException': org/springframework/orm/jpa/EntityManagerFactoryInfoCustomizer> (0x00000000db5fcbe8) thrown at [C:\re\workspace\8-2-build-windows-amd64-cygwin\jdk8u211\12973\hotspot\src\share\vm\classfile\systemDictionary.
Event: 7.116 Thread 0x000000001a2e5800 Exception <a 'java/lang/ClassNotFoundException': org/springframework/dao/support/PersistenceExceptionTranslatorCustomizer> (0x00000000db621b30) thrown at [C:\re\workspace\8-2-build-windows-amd64-cygwin\jdk8u211\12973\hotspot\src\share\vm\classfile\systemD

Events (10 events):
Event: 7.245 loading class org/hibernate/dialect/FrontBaseDialect
Event: 7.245 loading class org/hibernate/dialect/FrontBaseDialect done
Event: 7.245 loading class org/hibernate/dialect/H2Dialect
Event: 7.245 loading class org/hibernate/dialect/H2Dialect done
Event: 7.246 loading class org/hibernate/dialect/HANAColumnStoreDialect
Event: 7.246 loading class org/hibernate/dialect/HANAColumnStoreDialect done
Event: 7.246 loading class org/hibernate/dialect/AbstractHANADialect
Event: 7.246 loading class org/hibernate/dialect/AbstractHANADialect done
Event: 7.247 loading class org/hibernate/dialect/HANARowStoreDialect
Event: 7.247 loading class org/hibernate/dialect/HANARowStoreDialect done


Dynamic libraries:
0x00007ff798950000 - 0x00007ff798987000 	C:\Program Files\Java\jre1.8.0_211\bin\javaw.exe
0x00007ff879db0000 - 0x00007ff879f9d000 	C:\WINDOWS\SYSTEM32\ntdll.dll
0x00007ff879c50000 - 0x00007ff879d03000 	C:\WINDOWS\System32\KERNEL32.DLL
0x00007ff876390000 - 0x00007ff876623000 	C:\WINDOWS\System32\KERNELBASE.dll
0x00007ff877be0000 - 0x00007ff877c83000 	C:\WINDOWS\System32\ADVAPI32.dll
0x00007ff879a40000 - 0x00007ff879ade000 	C:\WINDOWS\System32\msvcrt.dll
0x00007ff8777c0000 - 0x00007ff87785e000 	C:\WINDOWS\System32\sechost.dll
0x00007ff877690000 - 0x00007ff8777b2000 	C:\WINDOWS\System32\RPCRT4.dll
0x00007ff877c90000 - 0x00007ff877e27000 	C:\WINDOWS\System32\USER32.dll
0x00007ff876ea0000 - 0x00007ff876ec0000 	C:\WINDOWS\System32\win32u.dll
0x00007ff877bb0000 - 0x00007ff877bd9000 	C:\WINDOWS\System32\GDI32.dll
0x00007ff875e80000 - 0x00007ff87601a000 	C:\WINDOWS\System32\gdi32full.dll
0x00007ff876d80000 - 0x00007ff876e20000 	C:\WINDOWS\System32\msvcp_win.dll
0x00007ff876ee0000 - 0x00007ff876fda000 	C:\WINDOWS\System32\ucrtbase.dll
0x00007ff86f1a0000 - 0x00007ff86f419000 	C:\WINDOWS\WinSxS\amd64_microsoft.windows.common-controls_6595b64144ccf1df_6.0.17763.475_none_05b43ca607202c6c\COMCTL32.dll
0x00007ff877860000 - 0x00007ff877b8c000 	C:\WINDOWS\System32\combase.dll
0x00007ff876e20000 - 0x00007ff876e9e000 	C:\WINDOWS\System32\bcryptPrimitives.dll
0x00007ff879af0000 - 0x00007ff879b1e000 	C:\WINDOWS\System32\IMM32.DLL
0x0000000068cc0000 - 0x0000000068d92000 	C:\Program Files\Java\jre1.8.0_211\bin\msvcr100.dll
0x0000000069450000 - 0x0000000069cf5000 	C:\Program Files\Java\jre1.8.0_211\bin\server\jvm.dll
0x00007ff879ae0000 - 0x00007ff879ae8000 	C:\WINDOWS\System32\PSAPI.DLL
0x00007ff86bb40000 - 0x00007ff86bb64000 	C:\WINDOWS\SYSTEM32\WINMM.dll
0x00007ff871180000 - 0x00007ff87118a000 	C:\WINDOWS\SYSTEM32\VERSION.dll
0x00007ff862850000 - 0x00007ff862859000 	C:\WINDOWS\SYSTEM32\WSOCK32.dll
0x00007ff879d10000 - 0x00007ff879d7d000 	C:\WINDOWS\System32\WS2_32.dll
0x00007ff86bb10000 - 0x00007ff86bb3d000 	C:\WINDOWS\SYSTEM32\WINMMBASE.dll
0x00007ff876290000 - 0x00007ff8762da000 	C:\WINDOWS\System32\cfgmgr32.dll
0x00007ff872150000 - 0x00007ff87215f000 	C:\Program Files\Java\jre1.8.0_211\bin\verify.dll
0x00007ff864760000 - 0x00007ff864789000 	C:\Program Files\Java\jre1.8.0_211\bin\java.dll
0x00007ff870a50000 - 0x00007ff870a66000 	C:\Program Files\Java\jre1.8.0_211\bin\zip.dll
0x00007ff878000000 - 0x00007ff8794f0000 	C:\WINDOWS\System32\SHELL32.dll
0x00007ff879ba0000 - 0x00007ff879c48000 	C:\WINDOWS\System32\shcore.dll
0x00007ff876630000 - 0x00007ff876d7a000 	C:\WINDOWS\System32\windows.storage.dll
0x00007ff875e30000 - 0x00007ff875e54000 	C:\WINDOWS\System32\profapi.dll
0x00007ff875dd0000 - 0x00007ff875e2d000 	C:\WINDOWS\System32\powrprof.dll
0x00007ff877040000 - 0x00007ff877092000 	C:\WINDOWS\System32\shlwapi.dll
0x00007ff875e60000 - 0x00007ff875e71000 	C:\WINDOWS\System32\kernel.appcore.dll
0x00007ff876ec0000 - 0x00007ff876ed7000 	C:\WINDOWS\System32\cryptsp.dll
0x00007ff872800000 - 0x00007ff87280d000 	C:\Program Files\Java\jre1.8.0_211\bin\management.dll
0x00007ff870990000 - 0x00007ff8709aa000 	C:\Program Files\Java\jre1.8.0_211\bin\net.dll
0x00007ff86f450000 - 0x00007ff86f626000 	C:\WINDOWS\SYSTEM32\urlmon.dll
0x00007ff86c400000 - 0x00007ff86c6a8000 	C:\WINDOWS\SYSTEM32\iertutil.dll
0x00007ff8757a0000 - 0x00007ff8757ac000 	C:\WINDOWS\SYSTEM32\CRYPTBASE.DLL
0x00007ff8755d0000 - 0x00007ff875637000 	C:\WINDOWS\system32\mswsock.dll
0x00007ff863fb0000 - 0x00007ff863fc6000 	C:\WINDOWS\system32\napinsp.dll
0x00007ff863f90000 - 0x00007ff863faa000 	C:\WINDOWS\system32\pnrpnsp.dll
0x00007ff875370000 - 0x00007ff875436000 	C:\WINDOWS\SYSTEM32\DNSAPI.dll
0x00007ff8795a0000 - 0x00007ff8795a8000 	C:\WINDOWS\System32\NSI.dll
0x00007ff875330000 - 0x00007ff87536d000 	C:\WINDOWS\SYSTEM32\IPHLPAPI.DLL
0x00007ff863f80000 - 0x00007ff863f8e000 	C:\WINDOWS\System32\winrnr.dll
0x00007ff871a50000 - 0x00007ff871a6b000 	C:\WINDOWS\system32\NLAapi.dll
0x00007ff863f60000 - 0x00007ff863f75000 	C:\WINDOWS\system32\wshbth.dll
0x00007ff871240000 - 0x00007ff87124a000 	C:\Windows\System32\rasadhlp.dll
0x00007ff871a90000 - 0x00007ff871b09000 	C:\WINDOWS\System32\fwpuclnt.dll
0x00007ff876260000 - 0x00007ff876286000 	C:\WINDOWS\System32\bcrypt.dll
0x00007ff86cc20000 - 0x00007ff86cc32000 	C:\Program Files\Java\jre1.8.0_211\bin\nio.dll
0x00007ff875190000 - 0x00007ff8751c3000 	C:\WINDOWS\system32\rsaenh.dll
0x00007ff875cb0000 - 0x00007ff875cd8000 	C:\WINDOWS\SYSTEM32\USERENV.dll
0x00007ff871cc0000 - 0x00007ff871cd6000 	C:\WINDOWS\SYSTEM32\dhcpcsvc6.DLL
0x00007ff871ca0000 - 0x00007ff871cbc000 	C:\WINDOWS\SYSTEM32\dhcpcsvc.DLL

VM Arguments:
jvm_args: -Dfile.encoding=UTF-8 
java_command: io.nai.SpringBootAppApplication
java_class_path (initial): C:\Users\PC\eclipse-workspace\spring-boot-app\target\classes;C:\Users\PC\.m2\repository\org\springframework\boot\spring-boot-starter-data-jpa\2.1.4.RELEASE\spring-boot-starter-data-jpa-2.1.4.RELEASE.jar;C:\Users\PC\.m2\repository\org\springframework\boot\spring-boot-starter-aop\2.1.4.RELEASE\spring-boot-starter-aop-2.1.4.RELEASE.jar;C:\Users\PC\.m2\repository\org\aspectj\aspectjweaver\1.9.2\aspectjweaver-1.9.2.jar;C:\Users\PC\.m2\repository\org\springframework\boot\spring-boot-starter-jdbc\2.1.4.RELEASE\spring-boot-starter-jdbc-2.1.4.RELEASE.jar;C:\Users\PC\.m2\repository\com\zaxxer\HikariCP\3.2.0\HikariCP-3.2.0.jar;C:\Users\PC\.m2\repository\org\springframework\spring-jdbc\5.1.6.RELEASE\spring-jdbc-5.1.6.RELEASE.jar;C:\Users\PC\.m2\repository\javax\transaction\javax.transaction-api\1.3\javax.transaction-api-1.3.jar;C:\Users\PC\.m2\repository\javax\xml\bind\jaxb-api\2.3.1\jaxb-api-2.3.1.jar;C:\Users\PC\.m2\repository\javax\activation\javax.activation-api\1.2.0\javax.activation-api-1.2.0.jar;C:\Users\PC\.m2\repository\org\hibernate\hibernate-core\5.3.9.Final\hibernate-core-5.3.9.Final.jar;C:\Users\PC\.m2\repository\org\jboss\logging\jboss-logging\3.3.2.Final\jboss-logging-3.3.2.Final.jar;C:\Users\PC\.m2\repository\javax\persistence\javax.persistence-api\2.2\javax.persistence-api-2.2.jar;C:\Users\PC\.m2\repository\org\javassist\javassist\3.23.1-GA\javassist-3.23.1-GA.jar;C:\Users\PC\.m2\repository\net\bytebuddy\byte-buddy\1.9.12\byte-buddy-1.9.12.jar;C:\Users\PC\.m2\repository\antlr\antlr\2.7.7\antlr-2.7.7.jar;C:\Users\PC\.m2\repository\org\jboss\jandex\2.0.5.Final\jandex-2.0.5.Final.jar;C:\Users\PC\.m2\repository\com\fasterxml\classmate\1.4.0\classmate-1.4.0.jar;C:\Users\PC\.m2\repository\org\dom4j\dom4j\2.1.1\dom4j-2.1.1.jar;C:\Users\PC\.m2\repository\org\hibernate\common\hibernate-commons-annotations\5.0.4.Final\hibernate-commons-annotations-5.0.4.Final.jar;C:\Users\PC\.m2\repository\org\springframework\data\spring-data-jpa\2.1.6.RELEAS
Launcher Type: SUN_STANDARD

Environment Variables:
JAVA_HOME=C:\Program Files\Java\jdk1.8.0_65
USERNAME=PC
OS=Windows_NT
PROCESSOR_IDENTIFIER=AMD64 Family 21 Model 19 Stepping 1, AuthenticAMD



---------------  S Y S T E M  ---------------

OS: Windows 10.0 , 64 bit Build 17763 (10.0.17763.475)

CPU:total 4 (initial active 4) (4 cores per cpu, 1 threads per core) family 21 model 19 stepping 1, cmov, cx8, fxsr, mmx, sse, sse2, sse3, ssse3, sse4.1, sse4.2, popcnt, avx, aes, clmul, mmxext, 3dnowpref, lzcnt, sse4a, tsc, tscinvbit, tscinv, bmi1

Memory: 4k page, physical 8311996k(1750428k free), swap 12506300k(6960k free)

vm_info: Java HotSpot(TM) 64-Bit Server VM (25.211-b12) for windows-amd64 JRE (1.8.0_211-b12), built on Apr  1 2019 20:53:26 by "java_re" with MS VC++ 10.0 (VS2010)

time: Mon May 06 19:37:10 2019
timezone: Est (heure d’été)
elapsed time: 7 seconds (0d 0h 0m 7s)

